{
  "RSpec": {
    "coverage": {
      "/Users/blairanderson/Documents/projects/sales_engine_web/lib/sales_engine_web/server.rb": [
        1,
        1,
        null,
        1,
        6,
        null,
        null,
        1,
        25,
        null,
        null,
        1,
        18,
        null,
        null,
        1,
        7,
        null,
        null,
        null,
        null
      ],
      "/Users/blairanderson/Documents/projects/sales_engine_web/lib/sales_engine_web/controllers/controller.rb": [
        1,
        1,
        1,
        null,
        1,
        62,
        62,
        62,
        null,
        null,
        1,
        62,
        11,
        null,
        51,
        null,
        null,
        null,
        1,
        62,
        62,
        null,
        null,
        1,
        62,
        136,
        null,
        null,
        null,
        null
      ],
      "/Users/blairanderson/Documents/projects/sales_engine_web/lib/sales_engine_web/models/finder_methods.rb": [
        1,
        1,
        null,
        1,
        487,
        null,
        null,
        1,
        487,
        null,
        null,
        1,
        12,
        12,
        null,
        null,
        1,
        19,
        19,
        null,
        null,
        1,
        38,
        38,
        null,
        null,
        1,
        18,
        18,
        null,
        null,
        1,
        12,
        6,
        3,
        3,
        3,
        3,
        null,
        null,
        null,
        1,
        11,
        null,
        null,
        1,
        4,
        4,
        5,
        5,
        5,
        null,
        null,
        null,
        1,
        1,
        1,
        1,
        1,
        null,
        1,
        null,
        1,
        1,
        null,
        null,
        null,
        null,
        null,
        null,
        null
      ],
      "/Users/blairanderson/Documents/projects/sales_engine_web/lib/sales_engine_web/models/merchant.rb": [
        1,
        null,
        1,
        1,
        1,
        1,
        null,
        1,
        null,
        1,
        146,
        146,
        null,
        null,
        1,
        131,
        131,
        null,
        null,
        1,
        132,
        null,
        null,
        1,
        8,
        null,
        null,
        1,
        4,
        4,
        null,
        null,
        1,
        3,
        3,
        null,
        null,
        1,
        2,
        8,
        null,
        null,
        1,
        142,
        null,
        null,
        null
      ],
      "/Users/blairanderson/Documents/projects/sales_engine_web/lib/sales_engine_web/models/database.rb": [
        1,
        1,
        null,
        1,
        738,
        null,
        null,
        1,
        0,
        0,
        null,
        0,
        null,
        null,
        null,
        1,
        1,
        null,
        null,
        1,
        1,
        null,
        null,
        1,
        108,
        null,
        null,
        1,
        138,
        null,
        null,
        1,
        60,
        null,
        null,
        1,
        81,
        null,
        null,
        1,
        142,
        null,
        null,
        1,
        74,
        null,
        null,
        null,
        null
      ],
      "/Users/blairanderson/Documents/projects/sales_engine_web/lib/sales_engine_web/models/invoice.rb": [
        1,
        null,
        1,
        1,
        1,
        1,
        1,
        1,
        1,
        null,
        1,
        null,
        1,
        145,
        145,
        145,
        145,
        null,
        null,
        1,
        114,
        114,
        null,
        null,
        1,
        138,
        null,
        null,
        1,
        2,
        null,
        null,
        1,
        115,
        null,
        null,
        1,
        16,
        null,
        null,
        1,
        2,
        2,
        null,
        null,
        1,
        4,
        11,
        null,
        null,
        1,
        3,
        3,
        null,
        null,
        1,
        2,
        7,
        null,
        null,
        1,
        2,
        2,
        null,
        null,
        1,
        2,
        6,
        null,
        null,
        null,
        null,
        null
      ],
      "/Users/blairanderson/Documents/projects/sales_engine_web/lib/sales_engine_web/models/invoice_item.rb": [
        1,
        null,
        1,
        1,
        1,
        1,
        1,
        null,
        1,
        null,
        1,
        59,
        59,
        59,
        59,
        59,
        null,
        null,
        1,
        37,
        37,
        null,
        null,
        1,
        60,
        null,
        null,
        1,
        38,
        null,
        null,
        1,
        12,
        null,
        null,
        1,
        3,
        3,
        null,
        null,
        1,
        4,
        8,
        null,
        null,
        1,
        2,
        2,
        null,
        null,
        1,
        2,
        4,
        null,
        null,
        1,
        2,
        2,
        null,
        null,
        1,
        3,
        6,
        null,
        null,
        1,
        2,
        2,
        null,
        null,
        1,
        1,
        2,
        null,
        null,
        null,
        null
      ],
      "/Users/blairanderson/Documents/projects/sales_engine_web/lib/sales_engine_web/models/item.rb": [
        1,
        null,
        1,
        1,
        1,
        1,
        null,
        1,
        null,
        1,
        81,
        81,
        81,
        81,
        81,
        null,
        null,
        1,
        60,
        60,
        null,
        null,
        1,
        81,
        null,
        null,
        1,
        61,
        null,
        null,
        1,
        11,
        null,
        null,
        1,
        2,
        2,
        null,
        null,
        1,
        2,
        4,
        null,
        null,
        1,
        2,
        2,
        null,
        null,
        1,
        2,
        4,
        null,
        null,
        1,
        2,
        2,
        null,
        null,
        1,
        2,
        4,
        null,
        null,
        1,
        2,
        2,
        null,
        null,
        1,
        2,
        4,
        null,
        null,
        null,
        null
      ],
      "/Users/blairanderson/Documents/projects/sales_engine_web/lib/sales_engine_web/models/customer.rb": [
        1,
        null,
        1,
        1,
        1,
        1,
        1,
        null,
        1,
        null,
        1,
        108,
        108,
        108,
        null,
        null,
        1,
        93,
        93,
        null,
        null,
        1,
        108,
        null,
        null,
        1,
        94,
        null,
        null,
        1,
        7,
        null,
        null,
        1,
        2,
        2,
        null,
        null,
        1,
        2,
        4,
        null,
        null,
        1,
        2,
        2,
        null,
        null,
        1,
        2,
        4,
        null,
        null,
        null,
        null
      ],
      "/Users/blairanderson/Documents/projects/sales_engine_web/lib/sales_engine_web/models/transaction.rb": [
        1,
        null,
        1,
        1,
        1,
        1,
        null,
        1,
        null,
        1,
        75,
        75,
        75,
        75,
        75,
        null,
        null,
        1,
        52,
        52,
        null,
        null,
        1,
        74,
        null,
        null,
        1,
        53,
        null,
        null,
        1,
        14,
        null,
        null,
        null,
        1,
        2,
        2,
        null,
        null,
        1,
        4,
        9,
        null,
        null,
        1,
        2,
        2,
        null,
        null,
        1,
        2,
        4,
        null,
        null,
        1,
        2,
        2,
        null,
        null,
        1,
        2,
        4,
        null,
        null,
        1,
        2,
        2,
        null,
        null,
        1,
        2,
        4,
        null,
        null,
        null,
        null
      ],
      "/Users/blairanderson/Documents/projects/sales_engine_web/spec/models/customer_spec.rb": [
        1,
        null,
        1,
        1,
        null,
        8,
        null,
        null,
        null,
        null,
        1,
        1,
        1,
        1,
        null,
        null,
        1,
        1,
        1,
        null,
        null,
        1,
        null,
        null,
        null,
        1,
        1,
        1,
        1,
        1,
        null,
        null,
        null,
        1,
        1,
        1,
        1,
        1,
        1,
        null,
        null,
        1,
        1,
        1,
        1,
        1,
        null,
        null,
        1,
        1,
        1,
        1,
        1,
        null,
        null,
        null,
        1,
        1,
        1,
        1,
        1,
        1,
        null,
        null,
        1,
        1,
        1,
        1,
        1,
        null,
        null,
        null,
        1,
        1,
        1,
        null,
        null,
        null,
        null,
        1,
        1,
        null,
        null,
        null,
        null,
        null,
        null
      ],
      "/Users/blairanderson/Documents/projects/sales_engine_web/spec/models/invoice_item_spec.rb": [
        1,
        null,
        1,
        1,
        null,
        1,
        14,
        14,
        14,
        14,
        14,
        null,
        null,
        15,
        null,
        15,
        null,
        null,
        null,
        null,
        15,
        null,
        null,
        null,
        null,
        null,
        null,
        15,
        null,
        null,
        null,
        null,
        null,
        15,
        null,
        null,
        null,
        null,
        null,
        1,
        1,
        1,
        1,
        null,
        null,
        null,
        1,
        1,
        1,
        1,
        null,
        null,
        1,
        1,
        1,
        null,
        null,
        1,
        1,
        1,
        1,
        1,
        1,
        1,
        null,
        null,
        null,
        1,
        1,
        1,
        1,
        1,
        1,
        1,
        null,
        null,
        1,
        1,
        1,
        1,
        null,
        null,
        null,
        1,
        1,
        1,
        1,
        1,
        1,
        1,
        null,
        null,
        null,
        1,
        1,
        1,
        1,
        1,
        1,
        1,
        null,
        null,
        null,
        1,
        1,
        1,
        1,
        1,
        1,
        1,
        null,
        null,
        null,
        1,
        1,
        1,
        1,
        1,
        1,
        1,
        null,
        null,
        null,
        null,
        1,
        1,
        1,
        1,
        1,
        1,
        1,
        null,
        null,
        null,
        1,
        1,
        1,
        1,
        1,
        1,
        1,
        null,
        null,
        null,
        1,
        1,
        1,
        1,
        1,
        1,
        1,
        null,
        null,
        1,
        1,
        1,
        1,
        1,
        1,
        1,
        null,
        null,
        null,
        1,
        1,
        null,
        null,
        1,
        1,
        null,
        null,
        null,
        null
      ],
      "/Users/blairanderson/Documents/projects/sales_engine_web/spec/models/invoice_spec.rb": [
        1,
        null,
        1,
        1,
        null,
        1,
        16,
        16,
        16,
        null,
        null,
        17,
        null,
        null,
        null,
        null,
        17,
        null,
        null,
        null,
        17,
        null,
        null,
        null,
        null,
        null,
        1,
        1,
        1,
        1,
        null,
        null,
        1,
        1,
        1,
        1,
        1,
        null,
        null,
        1,
        1,
        1,
        1,
        1,
        1,
        null,
        null,
        null,
        1,
        1,
        1,
        1,
        null,
        null,
        null,
        1,
        1,
        1,
        1,
        1,
        1,
        1,
        1,
        null,
        null,
        null,
        1,
        1,
        1,
        1,
        1,
        1,
        1,
        1,
        null,
        null,
        null,
        1,
        1,
        1,
        1,
        1,
        1,
        1,
        null,
        null,
        null,
        1,
        1,
        1,
        1,
        1,
        1,
        1,
        1,
        null,
        null,
        null,
        1,
        1,
        1,
        1,
        null,
        null,
        null,
        1,
        1,
        1,
        1,
        null,
        null,
        null,
        1,
        1,
        1,
        1,
        1,
        null,
        null,
        null,
        1,
        1,
        1,
        1,
        null,
        null,
        null,
        1,
        1,
        1,
        1,
        1,
        null,
        null,
        null,
        1,
        1,
        1,
        1,
        null,
        null,
        1,
        null,
        null,
        null,
        1,
        null,
        null,
        null,
        1,
        1,
        null,
        null,
        null,
        1,
        1,
        1,
        null,
        1,
        null,
        null,
        null,
        1,
        null,
        null,
        null,
        1,
        1,
        null,
        null,
        null,
        1,
        1,
        1,
        1,
        null,
        null,
        null,
        null,
        1,
        1,
        null,
        null,
        1,
        1,
        null,
        null,
        1,
        1,
        null,
        null,
        1,
        1,
        null,
        null,
        1,
        1,
        null,
        null,
        null,
        null
      ],
      "/Users/blairanderson/Documents/projects/sales_engine_web/spec/models/item_spec.rb": [
        1,
        null,
        1,
        1,
        null,
        1,
        12,
        12,
        null,
        null,
        13,
        null,
        null,
        13,
        null,
        null,
        null,
        null,
        null,
        null,
        1,
        1,
        1,
        null,
        null,
        1,
        1,
        1,
        null,
        null,
        null,
        null,
        null,
        1,
        null,
        null,
        null,
        1,
        1,
        1,
        1,
        null,
        null,
        null,
        1,
        1,
        1,
        1,
        1,
        null,
        null,
        1,
        1,
        1,
        1,
        null,
        null,
        1,
        1,
        1,
        1,
        null,
        null,
        1,
        1,
        1,
        1,
        null,
        null,
        1,
        1,
        1,
        1,
        null,
        null,
        null,
        1,
        1,
        1,
        1,
        1,
        null,
        null,
        1,
        1,
        1,
        1,
        null,
        null,
        1,
        1,
        1,
        1,
        null,
        null,
        1,
        1,
        1,
        1,
        null,
        null,
        null,
        1,
        1,
        1,
        null,
        null,
        1,
        1,
        null,
        null,
        null,
        1,
        1,
        1,
        null,
        null,
        1,
        1,
        null,
        null,
        1,
        1,
        null,
        null,
        null,
        null
      ],
      "/Users/blairanderson/Documents/projects/sales_engine_web/spec/models/merchant_spec.rb": [
        1,
        null,
        1,
        1,
        1,
        1,
        1,
        1,
        null,
        null,
        null,
        1,
        1,
        1,
        1,
        1,
        1,
        1,
        null,
        null,
        1,
        1,
        1,
        1,
        1,
        1,
        1,
        null,
        null,
        null,
        1,
        1,
        1,
        1,
        1,
        1,
        null,
        null,
        null,
        1,
        1,
        1,
        1,
        1,
        1,
        null,
        null,
        1,
        1,
        1,
        1,
        1,
        null,
        null,
        null,
        1,
        1,
        1,
        1,
        null,
        null,
        null,
        1,
        1,
        1,
        1,
        1,
        null,
        null,
        1,
        1,
        1,
        1,
        1,
        1,
        1,
        1,
        null,
        null,
        null,
        null,
        null
      ],
      "/Users/blairanderson/Documents/projects/sales_engine_web/spec/models/transaction_spec.rb": [
        1,
        null,
        1,
        1,
        null,
        1,
        13,
        13,
        13,
        13,
        null,
        null,
        14,
        null,
        14,
        null,
        null,
        null,
        null,
        14,
        null,
        null,
        null,
        null,
        null,
        14,
        null,
        null,
        null,
        null,
        null,
        1,
        1,
        1,
        1,
        null,
        null,
        null,
        1,
        1,
        1,
        1,
        null,
        null,
        1,
        1,
        1,
        null,
        null,
        1,
        1,
        1,
        1,
        1,
        1,
        null,
        null,
        null,
        null,
        1,
        null,
        1,
        1,
        1,
        1,
        1,
        1,
        null,
        null,
        null,
        1,
        1,
        1,
        1,
        1,
        1,
        null,
        null,
        null,
        1,
        1,
        1,
        1,
        1,
        1,
        1,
        null,
        null,
        null,
        1,
        1,
        1,
        1,
        1,
        1,
        1,
        null,
        null,
        null,
        1,
        1,
        1,
        1,
        1,
        1,
        null,
        null,
        null,
        null,
        1,
        1,
        1,
        1,
        1,
        1,
        1,
        null,
        null,
        null,
        1,
        1,
        1,
        1,
        1,
        1,
        1,
        null,
        null,
        null,
        1,
        1,
        1,
        1,
        1,
        1,
        1,
        null,
        null,
        null,
        1,
        1,
        1,
        1,
        1,
        null,
        null,
        null,
        null,
        1,
        null,
        null,
        null,
        null
      ],
      "/Users/blairanderson/Documents/projects/sales_engine_web/spec/requests/customers_spec.rb": [
        1,
        null,
        1,
        1,
        null,
        1,
        8,
        null,
        null,
        1,
        8,
        8,
        8,
        8,
        8,
        null,
        null,
        9,
        null,
        null,
        null,
        9,
        null,
        9,
        null,
        null,
        null,
        null,
        9,
        null,
        null,
        null,
        null,
        null,
        9,
        null,
        null,
        null,
        null,
        null,
        1,
        1,
        1,
        1,
        1,
        null,
        null,
        null,
        1,
        1,
        1,
        1,
        1,
        1,
        1,
        null,
        null,
        null,
        1,
        1,
        1,
        1,
        1,
        1,
        null,
        null,
        null,
        1,
        1,
        1,
        1,
        1,
        1,
        null,
        null,
        null,
        null,
        1,
        1,
        1,
        1,
        1,
        1,
        1,
        1,
        null,
        null,
        null,
        1,
        1,
        1,
        1,
        1,
        1,
        1,
        null,
        null,
        null,
        null,
        1,
        1,
        1,
        1,
        1,
        1,
        1,
        null,
        null,
        null,
        1,
        1,
        1,
        1,
        1,
        1,
        null,
        null,
        null,
        null,
        1,
        1,
        1,
        null,
        null,
        null,
        null
      ],
      "/Users/blairanderson/Documents/projects/sales_engine_web/spec/requests/invoice_items_spec.rb": [
        1,
        null,
        1,
        1,
        null,
        1,
        10,
        null,
        null,
        1,
        10,
        10,
        10,
        10,
        10,
        null,
        null,
        11,
        null,
        11,
        null,
        null,
        null,
        null,
        11,
        null,
        null,
        null,
        null,
        null,
        null,
        11,
        null,
        null,
        null,
        null,
        null,
        11,
        null,
        null,
        null,
        null,
        null,
        1,
        1,
        1,
        1,
        1,
        null,
        null,
        null,
        1,
        1,
        1,
        1,
        1,
        1,
        1,
        null,
        null,
        null,
        1,
        1,
        1,
        1,
        1,
        1,
        1,
        null,
        null,
        null,
        1,
        1,
        1,
        1,
        1,
        1,
        1,
        null,
        null,
        null,
        1,
        1,
        1,
        1,
        1,
        1,
        1,
        null,
        null,
        null,
        1,
        1,
        1,
        1,
        1,
        1,
        1,
        null,
        null,
        null,
        1,
        null,
        1,
        1,
        1,
        1,
        1,
        null,
        null,
        null,
        1,
        1,
        1,
        1,
        1,
        null,
        null,
        null,
        1,
        1,
        1,
        1,
        1,
        null,
        null,
        null,
        1,
        1,
        1,
        1,
        1,
        null,
        null,
        null,
        null,
        1,
        1,
        null,
        null,
        1,
        1,
        null,
        null,
        null
      ],
      "/Users/blairanderson/Documents/projects/sales_engine_web/spec/requests/invoices_spec.rb": [
        1,
        null,
        1,
        1,
        null,
        1,
        13,
        null,
        null,
        1,
        13,
        13,
        13,
        13,
        13,
        13,
        13,
        13,
        null,
        null,
        14,
        null,
        null,
        null,
        14,
        null,
        null,
        14,
        null,
        null,
        null,
        14,
        null,
        null,
        null,
        14,
        null,
        null,
        null,
        14,
        null,
        null,
        null,
        null,
        null,
        14,
        null,
        null,
        null,
        null,
        null,
        14,
        null,
        null,
        null,
        null,
        null,
        1,
        1,
        1,
        1,
        1,
        null,
        null,
        null,
        1,
        1,
        1,
        1,
        1,
        1,
        1,
        null,
        null,
        null,
        1,
        1,
        1,
        1,
        1,
        1,
        1,
        null,
        null,
        null,
        1,
        1,
        1,
        1,
        1,
        1,
        1,
        null,
        null,
        null,
        1,
        1,
        1,
        1,
        1,
        1,
        1,
        null,
        null,
        null,
        1,
        1,
        1,
        1,
        1,
        null,
        null,
        1,
        1,
        1,
        1,
        null,
        null,
        1,
        1,
        1,
        1,
        null,
        null,
        null,
        1,
        1,
        1,
        1,
        1,
        1,
        1,
        null,
        null,
        null,
        1,
        1,
        1,
        1,
        1,
        1,
        null,
        null,
        null,
        1,
        1,
        1,
        1,
        1,
        1,
        null,
        null,
        null,
        1,
        1,
        1,
        1,
        1,
        1,
        null,
        null,
        null,
        1,
        1,
        1,
        1,
        1,
        null,
        null,
        null,
        null,
        null
      ],
      "/Users/blairanderson/Documents/projects/sales_engine_web/spec/requests/items_spec.rb": [
        1,
        null,
        1,
        1,
        null,
        1,
        10,
        null,
        null,
        1,
        10,
        10,
        null,
        null,
        null,
        11,
        null,
        null,
        11,
        null,
        null,
        null,
        null,
        null,
        null,
        1,
        1,
        1,
        1,
        1,
        1,
        null,
        null,
        null,
        1,
        null,
        1,
        1,
        1,
        1,
        1,
        1,
        null,
        null,
        null,
        1,
        1,
        1,
        1,
        1,
        1,
        null,
        null,
        null,
        1,
        1,
        1,
        1,
        1,
        null,
        null,
        null,
        1,
        1,
        1,
        1,
        1,
        1,
        null,
        null,
        null,
        1,
        1,
        1,
        1,
        1,
        1,
        null,
        null,
        null,
        null,
        1,
        1,
        1,
        1,
        1,
        1,
        null,
        null,
        null,
        1,
        1,
        1,
        1,
        1,
        1,
        null,
        null,
        null,
        1,
        1,
        1,
        1,
        1,
        1,
        null,
        null,
        null,
        1,
        1,
        1,
        1,
        1,
        1,
        null,
        null,
        null,
        1,
        null,
        1,
        1,
        null,
        null,
        1,
        1,
        null,
        null,
        null,
        null,
        1,
        null,
        1,
        1,
        null,
        null,
        1,
        1,
        null,
        null,
        1,
        1,
        null,
        null,
        null,
        null
      ],
      "/Users/blairanderson/Documents/projects/sales_engine_web/spec/requests/merchants_spec.rb": [
        1,
        null,
        1,
        1,
        null,
        1,
        5,
        null,
        null,
        1,
        5,
        null,
        null,
        6,
        6,
        1,
        null,
        1,
        1,
        1,
        1,
        1,
        null,
        null,
        null,
        1,
        1,
        1,
        1,
        1,
        1,
        1,
        null,
        null,
        1,
        1,
        1,
        1,
        1,
        null,
        null,
        null,
        1,
        1,
        1,
        1,
        1,
        1,
        null,
        null,
        null,
        null,
        1,
        1,
        1,
        1,
        1,
        1,
        1,
        1,
        1,
        1,
        null,
        null,
        null,
        null,
        1,
        1,
        1,
        null,
        1,
        1,
        null,
        null,
        null,
        1,
        1,
        1,
        null,
        null,
        1,
        1,
        null,
        1,
        1,
        null,
        null,
        null,
        1,
        1,
        1,
        null,
        null,
        1,
        1,
        null,
        null,
        1,
        1,
        null,
        null,
        1,
        1,
        null,
        null,
        null,
        null
      ],
      "/Users/blairanderson/Documents/projects/sales_engine_web/spec/requests/transactions_spec.rb": [
        1,
        null,
        1,
        1,
        null,
        1,
        10,
        null,
        null,
        1,
        10,
        10,
        10,
        10,
        null,
        null,
        11,
        null,
        11,
        null,
        null,
        null,
        null,
        11,
        null,
        null,
        null,
        null,
        null,
        11,
        null,
        null,
        null,
        null,
        null,
        1,
        1,
        1,
        1,
        1,
        null,
        null,
        null,
        1,
        1,
        1,
        1,
        1,
        1,
        1,
        null,
        null,
        null,
        1,
        1,
        1,
        1,
        1,
        1,
        null,
        null,
        null,
        1,
        1,
        1,
        1,
        1,
        1,
        null,
        null,
        null,
        1,
        1,
        1,
        1,
        1,
        1,
        null,
        null,
        null,
        1,
        1,
        1,
        1,
        1,
        1,
        null,
        null,
        null,
        null,
        null,
        1,
        1,
        1,
        1,
        1,
        1,
        null,
        null,
        null,
        1,
        1,
        1,
        1,
        1,
        null,
        null,
        null,
        1,
        1,
        1,
        1,
        1,
        null,
        null,
        null,
        1,
        1,
        1,
        1,
        1,
        null,
        null,
        null,
        null,
        1,
        1,
        null,
        null,
        null
      ]
    },
    "timestamp": 1363297383
  }
}
